TN:
SF:src/App.jsx
FN:5,App
FN:10,(anonymous_1)
FN:23,(anonymous_2)
FN:27,(anonymous_3)
FN:29,(anonymous_4)
FN:32,(anonymous_5)
FN:50,(anonymous_6)
FN:58,(anonymous_7)
FN:59,(anonymous_8)
FN:69,(anonymous_9)
FN:78,(anonymous_10)
FN:82,(anonymous_11)
FN:82,(anonymous_12)
FN:88,(anonymous_13)
FN:220,(anonymous_14)
FN:237,(anonymous_15)
FN:248,(anonymous_16)
FNF:17
FNH:8
FNDA:11,App
FNDA:3,(anonymous_1)
FNDA:3,(anonymous_2)
FNDA:3,(anonymous_3)
FNDA:3,(anonymous_4)
FNDA:1,(anonymous_5)
FNDA:1,(anonymous_6)
FNDA:0,(anonymous_7)
FNDA:0,(anonymous_8)
FNDA:0,(anonymous_9)
FNDA:0,(anonymous_10)
FNDA:0,(anonymous_11)
FNDA:0,(anonymous_12)
FNDA:0,(anonymous_13)
FNDA:2,(anonymous_14)
FNDA:0,(anonymous_15)
FNDA:0,(anonymous_16)
DA:3,1
DA:6,11
DA:7,11
DA:8,11
DA:10,11
DA:11,3
DA:12,3
DA:13,3
DA:14,3
DA:15,3
DA:17,0
DA:19,3
DA:23,11
DA:24,3
DA:27,11
DA:28,3
DA:29,3
DA:32,11
DA:33,1
DA:34,1
DA:36,1
DA:42,1
DA:43,1
DA:44,1
DA:49,1
DA:50,1
DA:52,0
DA:57,0
DA:58,0
DA:59,0
DA:63,1
DA:65,0
DA:69,11
DA:70,0
DA:78,11
DA:79,0
DA:80,0
DA:81,0
DA:82,0
DA:84,0
DA:88,11
DA:89,0
DA:92,11
DA:221,2
DA:237,0
DA:248,0
LF:46
LH:31
BRDA:34,0,0,0
BRDA:34,0,1,1
BRDA:34,1,0,1
BRDA:34,1,1,1
BRDA:34,1,2,1
BRDA:43,2,0,1
BRDA:43,2,1,0
BRDA:59,3,0,0
BRDA:59,3,1,0
BRDA:79,4,0,0
BRDA:79,4,1,0
BRDA:174,5,0,11
BRDA:174,5,1,0
BRDA:176,6,0,11
BRDA:176,6,1,0
BRDA:215,7,0,6
BRDA:215,7,1,5
BRDA:217,8,0,3
BRDA:217,8,1,2
BRF:19
BRH:11
end_of_record
