TN:
SF:index.js
FN:21,(anonymous_0)
FN:30,(anonymous_1)
FN:46,(anonymous_2)
FN:61,(anonymous_3)
FN:72,(anonymous_4)
FNF:5
FNH:4
FNDA:1,(anonymous_0)
FNDA:1,(anonymous_1)
FNDA:1,(anonymous_2)
FNDA:1,(anonymous_3)
FNDA:0,(anonymous_4)
DA:1,1
DA:2,1
DA:3,1
DA:5,1
DA:6,1
DA:8,1
DA:9,1
DA:11,1
DA:21,1
DA:22,1
DA:23,1
DA:24,1
DA:26,0
DA:30,1
DA:31,1
DA:32,1
DA:33,1
DA:37,1
DA:40,1
DA:42,0
DA:46,1
DA:47,1
DA:48,1
DA:49,1
DA:50,1
DA:54,1
DA:55,1
DA:57,0
DA:61,1
DA:62,1
DA:63,1
DA:64,1
DA:65,1
DA:67,0
DA:71,1
DA:72,0
DA:73,0
DA:77,1
LF:38
LH:32
BRDA:71,0,0,0
BRDA:71,0,1,1
BRF:2
BRH:1
end_of_record
